app/build/intermediates/manifest_merge_blame_file/release/processReleaseMainManifest/manifest-merger-blame-release-report.txt
1<?xml version="1.0" encoding="utf-8"?>
2<!--
3    Copyright 2019 Google Inc. All Rights Reserved.
4
5     Licensed under the Apache License, Version 2.0 (the "License");
6     you may not use this file except in compliance with the License.
7     You may obtain a copy of the License at
8
9         http://www.apache.org/licenses/LICENSE-2.0
10
11     Unless required by applicable law or agreed to in writing, software
12     distributed under the License is distributed on an "AS IS" BASIS,
13     WITHOUT WARRANTIES OR CONDITIONS OF ANY KIND, either express or implied.
14     See the License for the specific language governing permissions and
15     limitations under the License.
16-->
17<!--
18 The "package" attribute is rewritten by the Gradle build with the value of applicationId.
19     It is still required here, as it is used to derive paths, for instance when referring
20     to an Activity by ".MyActivity" instead of the full name. If more Activities are added to the
21     application, the package attribute will need to reflect the correct path in order to use
22     the abbreviated format.
23-->
24<manifest xmlns:android="http://schemas.android.com/apk/res/android"
25    package="io.github.lugengar.twa"
26    android:versionCode="1"
27    android:versionName="1" >
28
29    <uses-sdk
30        android:minSdkVersion="21"
31        android:targetSdkVersion="35" />
32
33    <uses-permission android:name="android.permission.POST_NOTIFICATIONS" />
33-->src\main\AndroidManifest.xml:26:9-80
33-->src\main\AndroidManifest.xml:26:26-78
34
35    <queries>
35-->[com.google.androidbrowserhelper:androidbrowserhelper:2.6.2] AndroidManifest.xml:22:5-30:15
36        <intent>
36-->[com.google.androidbrowserhelper:androidbrowserhelper:2.6.2] AndroidManifest.xml:23:9-29:18
37            <action android:name="android.intent.action.VIEW" />
37-->src\main\AndroidManifest.xml:142:17-68
37-->src\main\AndroidManifest.xml:142:25-66
38
39            <category android:name="android.intent.category.BROWSABLE" />
39-->src\main\AndroidManifest.xml:144:17-77
39-->src\main\AndroidManifest.xml:144:27-75
40
41            <data android:scheme="https" />
41-->src\main\AndroidManifest.xml:145:17-150:19
41-->src\main\AndroidManifest.xml:145:23-45
42        </intent>
43    </queries>
44
45    <permission
45-->[androidx.core:core:1.13.0] AndroidManifest.xml:22:5-24:47
46        android:name="io.github.lugengar.twa.DYNAMIC_RECEIVER_NOT_EXPORTED_PERMISSION"
46-->[androidx.core:core:1.13.0] AndroidManifest.xml:23:9-81
47        android:protectionLevel="signature" />
47-->[androidx.core:core:1.13.0] AndroidManifest.xml:24:9-44
48
49    <uses-permission android:name="io.github.lugengar.twa.DYNAMIC_RECEIVER_NOT_EXPORTED_PERMISSION" />
49-->[androidx.core:core:1.13.0] AndroidManifest.xml:26:5-97
49-->[androidx.core:core:1.13.0] AndroidManifest.xml:26:22-94
50
51    <application
51-->src\main\AndroidManifest.xml:35:5-195:19
52        android:name="io.github.lugengar.twa.Application"
52-->src\main\AndroidManifest.xml:36:9-35
53        android:allowBackup="true"
53-->src\main\AndroidManifest.xml:37:9-35
54        android:appComponentFactory="androidx.core.app.CoreComponentFactory"
54-->[androidx.core:core:1.13.0] AndroidManifest.xml:28:18-86
55        android:extractNativeLibs="true"
56        android:icon="@mipmap/ic_launcher"
56-->src\main\AndroidManifest.xml:38:9-43
57        android:label="@string/appName"
57-->src\main\AndroidManifest.xml:39:9-40
58        android:manageSpaceActivity="com.google.androidbrowserhelper.trusted.ManageDataLauncherActivity"
58-->src\main\AndroidManifest.xml:41:9-105
59        android:supportsRtl="true"
59-->src\main\AndroidManifest.xml:43:9-35
60        android:theme="@android:style/Theme.Translucent.NoTitleBar" >
60-->src\main\AndroidManifest.xml:44:9-68
61        <meta-data
61-->src\main\AndroidManifest.xml:46:9-48:58
62            android:name="asset_statements"
62-->src\main\AndroidManifest.xml:47:13-44
63            android:resource="@string/assetStatements" />
63-->src\main\AndroidManifest.xml:48:13-55
64        <meta-data
64-->src\main\AndroidManifest.xml:51:13-53:58
65            android:name="web_manifest_url"
65-->src\main\AndroidManifest.xml:52:17-48
66            android:value="@string/webManifestUrl" />
66-->src\main\AndroidManifest.xml:53:17-55
67        <meta-data
67-->src\main\AndroidManifest.xml:56:9-58:52
68            android:name="twa_generator"
68-->src\main\AndroidManifest.xml:57:13-41
69            android:value="@string/generatorApp" />
69-->src\main\AndroidManifest.xml:58:13-49
70
71        <activity android:name="com.google.androidbrowserhelper.trusted.ManageDataLauncherActivity" >
71-->src\main\AndroidManifest.xml:65:13-69:24
71-->src\main\AndroidManifest.xml:65:23-104
72            <meta-data
72-->src\main\AndroidManifest.xml:66:13-68:53
73                android:name="android.support.customtabs.trusted.MANAGE_SPACE_URL"
73-->src\main\AndroidManifest.xml:67:17-83
74                android:value="@string/launchUrl" />
74-->src\main\AndroidManifest.xml:68:17-50
75        </activity>
76        <activity
76-->src\main\AndroidManifest.xml:72:9-156:20
77            android:name="io.github.lugengar.twa.LauncherActivity"
77-->src\main\AndroidManifest.xml:72:19-50
78            android:alwaysRetainTaskState="true"
78-->src\main\AndroidManifest.xml:73:13-49
79            android:exported="true"
79-->src\main\AndroidManifest.xml:75:13-36
80            android:label="@string/launcherName" >
80-->src\main\AndroidManifest.xml:74:13-49
81            <meta-data
81-->src\main\AndroidManifest.xml:76:13-77:53
82                android:name="android.support.customtabs.trusted.DEFAULT_URL"
82-->src\main\AndroidManifest.xml:76:24-85
83                android:value="@string/launchUrl" />
83-->src\main\AndroidManifest.xml:77:17-50
84            <meta-data
84-->src\main\AndroidManifest.xml:79:13-81:58
85                android:name="android.support.customtabs.trusted.STATUS_BAR_COLOR"
85-->src\main\AndroidManifest.xml:80:17-83
86                android:resource="@color/colorPrimary" />
86-->src\main\AndroidManifest.xml:81:17-55
87            <meta-data
87-->src\main\AndroidManifest.xml:85:13-87:62
88                android:name="android.support.customtabs.trusted.STATUS_BAR_COLOR_DARK"
88-->src\main\AndroidManifest.xml:86:17-88
89                android:resource="@color/colorPrimaryDark" />
89-->src\main\AndroidManifest.xml:87:17-59
90            <meta-data
90-->src\main\AndroidManifest.xml:89:13-91:61
91                android:name="android.support.customtabs.trusted.NAVIGATION_BAR_COLOR"
91-->src\main\AndroidManifest.xml:90:17-87
92                android:resource="@color/navigationColor" />
92-->src\main\AndroidManifest.xml:91:17-58
93            <meta-data
93-->src\main\AndroidManifest.xml:93:13-95:65
94                android:name="android.support.customtabs.trusted.NAVIGATION_BAR_COLOR_DARK"
94-->src\main\AndroidManifest.xml:94:17-92
95                android:resource="@color/navigationColorDark" />
95-->src\main\AndroidManifest.xml:95:17-62
96            <meta-data
96-->src\main\AndroidManifest.xml:97:13-99:68
97                android:name="androix.browser.trusted.NAVIGATION_BAR_DIVIDER_COLOR"
97-->src\main\AndroidManifest.xml:98:17-84
98                android:resource="@color/navigationDividerColor" />
98-->src\main\AndroidManifest.xml:99:17-65
99            <meta-data
99-->src\main\AndroidManifest.xml:101:13-103:72
100                android:name="androix.browser.trusted.NAVIGATION_BAR_DIVIDER_COLOR_DARK"
100-->src\main\AndroidManifest.xml:102:17-89
101                android:resource="@color/navigationDividerColorDark" />
101-->src\main\AndroidManifest.xml:103:17-69
102            <meta-data
102-->src\main\AndroidManifest.xml:105:13-106:54
103                android:name="android.support.customtabs.trusted.SPLASH_IMAGE_DRAWABLE"
103-->src\main\AndroidManifest.xml:105:24-95
104                android:resource="@drawable/splash" />
104-->src\main\AndroidManifest.xml:106:17-52
105            <meta-data
105-->src\main\AndroidManifest.xml:108:13-109:60
106                android:name="android.support.customtabs.trusted.SPLASH_SCREEN_BACKGROUND_COLOR"
106-->src\main\AndroidManifest.xml:108:24-104
107                android:resource="@color/backgroundColor" />
107-->src\main\AndroidManifest.xml:109:17-58
108            <meta-data
108-->src\main\AndroidManifest.xml:111:13-112:71
109                android:name="android.support.customtabs.trusted.SPLASH_SCREEN_FADE_OUT_DURATION"
109-->src\main\AndroidManifest.xml:111:24-105
110                android:value="@integer/splashScreenFadeOutDuration" />
110-->src\main\AndroidManifest.xml:112:17-69
111            <meta-data
111-->src\main\AndroidManifest.xml:114:13-115:60
112                android:name="android.support.customtabs.trusted.FILE_PROVIDER_AUTHORITY"
112-->src\main\AndroidManifest.xml:114:24-97
113                android:value="@string/providerAuthority" />
113-->src\main\AndroidManifest.xml:115:17-58
114            <meta-data
114-->src\main\AndroidManifest.xml:117:13-97
115                android:name="android.app.shortcuts"
115-->src\main\AndroidManifest.xml:117:24-60
116                android:resource="@xml/shortcuts" />
116-->src\main\AndroidManifest.xml:117:61-94
117            <meta-data
117-->src\main\AndroidManifest.xml:119:13-120:56
118                android:name="android.support.customtabs.trusted.FALLBACK_STRATEGY"
118-->src\main\AndroidManifest.xml:119:24-91
119                android:value="@string/fallbackType" />
119-->src\main\AndroidManifest.xml:120:17-53
120            <meta-data
120-->src\main\AndroidManifest.xml:125:13-126:45
121                android:name="android.support.customtabs.trusted.DISPLAY_MODE"
121-->src\main\AndroidManifest.xml:125:24-86
122                android:value="immersive" />
122-->src\main\AndroidManifest.xml:126:17-42
123            <meta-data
123-->src\main\AndroidManifest.xml:129:13-130:54
124                android:name="android.support.customtabs.trusted.SCREEN_ORIENTATION"
124-->src\main\AndroidManifest.xml:129:24-92
125                android:value="@string/orientation" />
125-->src\main\AndroidManifest.xml:130:17-52
126
127            <intent-filter>
127-->src\main\AndroidManifest.xml:136:13-139:29
128                <action android:name="android.intent.action.MAIN" />
128-->src\main\AndroidManifest.xml:137:17-69
128-->src\main\AndroidManifest.xml:137:25-66
129
130                <category android:name="android.intent.category.LAUNCHER" />
130-->src\main\AndroidManifest.xml:138:17-77
130-->src\main\AndroidManifest.xml:138:27-74
131            </intent-filter>
132            <intent-filter android:autoVerify="true" >
132-->src\main\AndroidManifest.xml:141:13-151:29
132-->src\main\AndroidManifest.xml:141:28-53
133                <action android:name="android.intent.action.VIEW" />
133-->src\main\AndroidManifest.xml:142:17-68
133-->src\main\AndroidManifest.xml:142:25-66
134
135                <category android:name="android.intent.category.DEFAULT" />
135-->src\main\AndroidManifest.xml:143:17-76
135-->src\main\AndroidManifest.xml:143:27-73
136                <category android:name="android.intent.category.BROWSABLE" />
136-->src\main\AndroidManifest.xml:144:17-77
136-->src\main\AndroidManifest.xml:144:27-75
137
138                <data
138-->src\main\AndroidManifest.xml:145:17-150:19
139                    android:host="@string/hostName"
139-->src\main\AndroidManifest.xml:146:21-52
140                    android:pathPrefix="/aplicacion/"
140-->src\main\AndroidManifest.xml:148:21-54
141                    android:scheme="https" />
141-->src\main\AndroidManifest.xml:145:23-45
142            </intent-filter>
143        </activity>
144        <activity android:name="com.google.androidbrowserhelper.trusted.FocusActivity" />
144-->src\main\AndroidManifest.xml:158:9-90
144-->src\main\AndroidManifest.xml:158:19-87
145        <activity
145-->src\main\AndroidManifest.xml:160:9-161:62
146            android:name="com.google.androidbrowserhelper.trusted.WebViewFallbackActivity"
146-->src\main\AndroidManifest.xml:160:19-97
147            android:configChanges="orientation|screenSize" />
147-->src\main\AndroidManifest.xml:161:13-59
148
149        <provider
149-->src\main\AndroidManifest.xml:163:9-171:20
150            android:name="androidx.core.content.FileProvider"
150-->src\main\AndroidManifest.xml:164:13-62
151            android:authorities="@string/providerAuthority"
151-->src\main\AndroidManifest.xml:165:13-60
152            android:exported="false"
152-->src\main\AndroidManifest.xml:167:13-37
153            android:grantUriPermissions="true" >
153-->src\main\AndroidManifest.xml:166:13-47
154            <meta-data
154-->src\main\AndroidManifest.xml:168:13-170:53
155                android:name="android.support.FILE_PROVIDER_PATHS"
155-->src\main\AndroidManifest.xml:169:17-67
156                android:resource="@xml/filepaths" />
156-->src\main\AndroidManifest.xml:170:17-50
157        </provider>
158
159        <service
159-->src\main\AndroidManifest.xml:173:9-188:19
160            android:name="io.github.lugengar.twa.DelegationService"
160-->src\main\AndroidManifest.xml:174:13-46
161            android:enabled="@bool/enableNotification"
161-->src\main\AndroidManifest.xml:175:13-55
162            android:exported="@bool/enableNotification" >
162-->src\main\AndroidManifest.xml:176:13-56
163            <meta-data
163-->src\main\AndroidManifest.xml:179:17-181:73
164                android:name="android.support.customtabs.trusted.SMALL_ICON"
164-->src\main\AndroidManifest.xml:180:21-81
165                android:resource="@drawable/ic_notification_icon" />
165-->src\main\AndroidManifest.xml:181:21-70
166
167            <intent-filter>
167-->src\main\AndroidManifest.xml:184:13-187:29
168                <action android:name="android.support.customtabs.trusted.TRUSTED_WEB_ACTIVITY_SERVICE" />
168-->src\main\AndroidManifest.xml:185:17-105
168-->src\main\AndroidManifest.xml:185:25-103
169
170                <category android:name="android.intent.category.DEFAULT" />
170-->src\main\AndroidManifest.xml:143:17-76
170-->src\main\AndroidManifest.xml:143:27-73
171            </intent-filter>
172        </service>
173
174        <activity android:name="com.google.androidbrowserhelper.trusted.NotificationPermissionRequestActivity" />
174-->src\main\AndroidManifest.xml:191:13-118
174-->src\main\AndroidManifest.xml:191:23-115
175
176        <provider
176-->[androidx.emoji2:emoji2:1.3.0] AndroidManifest.xml:24:9-32:20
177            android:name="androidx.startup.InitializationProvider"
177-->[androidx.emoji2:emoji2:1.3.0] AndroidManifest.xml:25:13-67
178            android:authorities="io.github.lugengar.twa.androidx-startup"
178-->[androidx.emoji2:emoji2:1.3.0] AndroidManifest.xml:26:13-68
179            android:exported="false" >
179-->[androidx.emoji2:emoji2:1.3.0] AndroidManifest.xml:27:13-37
180            <meta-data
180-->[androidx.emoji2:emoji2:1.3.0] AndroidManifest.xml:29:13-31:52
181                android:name="androidx.emoji2.text.EmojiCompatInitializer"
181-->[androidx.emoji2:emoji2:1.3.0] AndroidManifest.xml:30:17-75
182                android:value="androidx.startup" />
182-->[androidx.emoji2:emoji2:1.3.0] AndroidManifest.xml:31:17-49
183            <meta-data
183-->[androidx.lifecycle:lifecycle-process:2.6.2] AndroidManifest.xml:29:13-31:52
184                android:name="androidx.lifecycle.ProcessLifecycleInitializer"
184-->[androidx.lifecycle:lifecycle-process:2.6.2] AndroidManifest.xml:30:17-78
185                android:value="androidx.startup" />
185-->[androidx.lifecycle:lifecycle-process:2.6.2] AndroidManifest.xml:31:17-49
186            <meta-data
186-->[androidx.profileinstaller:profileinstaller:1.3.1] AndroidManifest.xml:29:13-31:52
187                android:name="androidx.profileinstaller.ProfileInstallerInitializer"
187-->[androidx.profileinstaller:profileinstaller:1.3.1] AndroidManifest.xml:30:17-85
188                android:value="androidx.startup" />
188-->[androidx.profileinstaller:profileinstaller:1.3.1] AndroidManifest.xml:31:17-49
189        </provider>
190
191        <receiver
191-->[androidx.profileinstaller:profileinstaller:1.3.1] AndroidManifest.xml:34:9-52:20
192            android:name="androidx.profileinstaller.ProfileInstallReceiver"
192-->[androidx.profileinstaller:profileinstaller:1.3.1] AndroidManifest.xml:35:13-76
193            android:directBootAware="false"
193-->[androidx.profileinstaller:profileinstaller:1.3.1] AndroidManifest.xml:36:13-44
194            android:enabled="true"
194-->[androidx.profileinstaller:profileinstaller:1.3.1] AndroidManifest.xml:37:13-35
195            android:exported="true"
195-->[androidx.profileinstaller:profileinstaller:1.3.1] AndroidManifest.xml:38:13-36
196            android:permission="android.permission.DUMP" >
196-->[androidx.profileinstaller:profileinstaller:1.3.1] AndroidManifest.xml:39:13-57
197            <intent-filter>
197-->[androidx.profileinstaller:profileinstaller:1.3.1] AndroidManifest.xml:40:13-42:29
198                <action android:name="androidx.profileinstaller.action.INSTALL_PROFILE" />
198-->[androidx.profileinstaller:profileinstaller:1.3.1] AndroidManifest.xml:41:17-91
198-->[androidx.profileinstaller:profileinstaller:1.3.1] AndroidManifest.xml:41:25-88
199            </intent-filter>
200            <intent-filter>
200-->[androidx.profileinstaller:profileinstaller:1.3.1] AndroidManifest.xml:43:13-45:29
201                <action android:name="androidx.profileinstaller.action.SKIP_FILE" />
201-->[androidx.profileinstaller:profileinstaller:1.3.1] AndroidManifest.xml:44:17-85
201-->[androidx.profileinstaller:profileinstaller:1.3.1] AndroidManifest.xml:44:25-82
202            </intent-filter>
203            <intent-filter>
203-->[androidx.profileinstaller:profileinstaller:1.3.1] AndroidManifest.xml:46:13-48:29
204                <action android:name="androidx.profileinstaller.action.SAVE_PROFILE" />
204-->[androidx.profileinstaller:profileinstaller:1.3.1] AndroidManifest.xml:47:17-88
204-->[androidx.profileinstaller:profileinstaller:1.3.1] AndroidManifest.xml:47:25-85
205            </intent-filter>
206            <intent-filter>
206-->[androidx.profileinstaller:profileinstaller:1.3.1] AndroidManifest.xml:49:13-51:29
207                <action android:name="androidx.profileinstaller.action.BENCHMARK_OPERATION" />
207-->[androidx.profileinstaller:profileinstaller:1.3.1] AndroidManifest.xml:50:17-95
207-->[androidx.profileinstaller:profileinstaller:1.3.1] AndroidManifest.xml:50:25-92
208            </intent-filter>
209        </receiver>
210    </application>
211
212</manifest>